[100, 200]
[300, 500]
[100, 200]
[300, 500]
[250, 300]
[100, 200]
[250, 300]
[300, 500]
[250, 300]
[100, 200]
[300, 500]
[250, 300]
[500, 1000]
[100, 200]
[500, 1000]
[300, 500]
[500, 1000]
[100, 200]
[300, 500]
[500, 1000]
[250, 300]
[500, 1000]
[100, 200]
[250, 300]
[500, 1000]
[300, 500]
[250, 300]
[500, 1000]
[100, 200]
[300, 500]
[250, 300]
[500, 1000]
[400, 400]
[100, 200]
[400, 400]
[300, 500]
[400, 400]
[100, 200]
[300, 500]
[400, 400]
[250, 300]
[400, 400]
[100, 200]
[250, 300]
[400, 400]
[300, 500]
[250, 300]
[400, 400]
[100, 200]
[300, 500]
[250, 300]
[400, 400]
[500, 1000]
[400, 400]
[100, 200]
[500, 1000]
[400, 400]
[300, 500]
[500, 1000]
[400, 400]
[100, 200]
[300, 500]
[500, 1000]
[400, 400]
[250, 300]
[500, 1000]
[400, 400]
[100, 200]
[250, 300]
[500, 1000]
[400, 400]
[300, 500]
[250, 300]
[500, 1000]
[400, 400]
[100, 200]
[300, 500]
[250, 300]
[500, 1000]
[400, 400]
